<?xml version="1.0" encoding="UTF-8"?>
<!-- Generated by org.testng.reporters.JUnitXMLReporter -->
<testsuite ignored="0" hostname="niaz-Latitude-E5450" failures="0" tests="3" name="Default test" time="26.894" errors="0" timestamp="2025-09-02T02:16:43 BDT">
  <testcase classname="com.test.LoginTest" name="loginTest" time="6.586"/>
  <testcase classname="com.test.LoginTest" name="loginTest" time="6.483"/>
  <testcase classname="com.test.LoginTest" name="loginTest" time="6.411"/>
</testsuite> <!-- Default test -->
