<?xml version="1.0" encoding="UTF-8"?>
<testng-results ignored="0" total="1" passed="1" failed="0" skipped="0">
  <reporter-output>
  </reporter-output>
  <suite started-at="2025-08-30T23:20:50 BDT" name="Automation Test Suite" finished-at="2025-08-30T23:21:23 BDT" duration-ms="32420">
    <groups>
    </groups>
    <test started-at="2025-08-30T23:20:50 BDT" name="Login and Dashboard Tests" finished-at="2025-08-30T23:21:23 BDT" duration-ms="32420">
      <class name="com.test.LoginTest">
        <test-method is-config="true" signature="setupDriver()[pri:0, instance:com.test.LoginTest@131774fe]" started-at="2025-08-30T23:20:47 BDT" name="setupDriver" finished-at="2025-08-30T23:20:50 BDT" duration-ms="2921" status="PASS">
          <reporter-output>
          </reporter-output>
        </test-method> <!-- setupDriver -->
        <test-method is-config="true" signature="openUrl()[pri:0, instance:com.test.LoginTest@131774fe]" started-at="2025-08-30T23:20:50 BDT" name="openUrl" finished-at="2025-08-30T23:21:16 BDT" duration-ms="25379" status="PASS">
          <reporter-output>
          </reporter-output>
        </test-method> <!-- openUrl -->
        <test-method signature="loginTest()[pri:0, instance:com.test.LoginTest@131774fe]" started-at="2025-08-30T23:21:16 BDT" name="loginTest" finished-at="2025-08-30T23:21:23 BDT" duration-ms="6957" status="PASS">
          <reporter-output>
          </reporter-output>
        </test-method> <!-- loginTest -->
        <test-method is-config="true" signature="tearDown()[pri:0, instance:com.test.LoginTest@131774fe]" started-at="2025-08-30T23:21:23 BDT" name="tearDown" finished-at="2025-08-30T23:21:23 BDT" duration-ms="171" status="PASS">
          <reporter-output>
          </reporter-output>
        </test-method> <!-- tearDown -->
      </class> <!-- com.test.LoginTest -->
    </test> <!-- Login and Dashboard Tests -->
  </suite> <!-- Automation Test Suite -->
</testng-results>
